2026-03-23 16:45:04,287 - INFO - Loading config...
2026-03-23 16:45:04,288 - INFO - Loading data...
2026-03-23 16:45:04,293 - INFO - Preprocessing data...
2026-03-23 16:45:04,293 - INFO - Vectorizing...
2026-03-23 16:45:04,295 - INFO - Training model...
2026-03-23 16:45:04,299 - INFO - Saving model...
2026-03-23 16:45:04,300 - INFO - Training completed succesfully
2026-03-23 16:55:15,720 - INFO - Loading config...
2026-03-23 16:55:15,720 - INFO - Loading data...
2026-03-23 16:55:15,720 - ERROR - Error occured: [Errno 2] No such file or directory: 'wrong/path/sample.csv'
2026-03-23 16:55:22,583 - INFO - Loading config...
2026-03-23 16:55:22,583 - INFO - Loading data...
2026-03-23 16:55:22,583 - ERROR - Error occured: [Errno 2] No such file or directory: 'wrong/path/sample.csv'
2026-03-23 17:08:00,040 - INFO - Loading config...
2026-03-23 17:08:00,041 - INFO - Loading data...
2026-03-23 17:08:00,046 - INFO - Preprocessing data...
2026-03-23 17:08:00,046 - INFO - Vectorizing...
2026-03-23 17:08:00,047 - INFO - Training model...
2026-03-23 17:08:00,051 - INFO - Saving model...
2026-03-23 17:08:00,052 - INFO - Training completed succesfully
2026-03-23 17:08:22,710 - INFO - Loading config...
2026-03-23 17:08:22,712 - ERROR - Error occured: Data path does not exist: wrong/path/sample.csv
2026-03-23 17:09:28,728 - INFO - Loading config...
2026-03-23 17:09:28,728 - ERROR - Error occured: Data path does not exist: wrong/path/sample.csv
2026-03-23 17:22:57,475 - INFO - Loading config...
2026-03-23 17:22:57,475 - ERROR - Error occured: Data path does not exist: wrong/path/sample.csv
2026-03-23 17:30:55,970 - INFO - Loading config...
2026-03-23 17:30:55,971 - INFO - Loading data...
2026-03-23 17:30:55,974 - INFO - Data loaded successfully from D:/MLOps/mlops_training/data/sample.csv
2026-03-23 17:30:55,974 - INFO - Preprocessing data...
2026-03-23 17:30:55,975 - INFO - Vectorizing...
2026-03-23 17:30:55,976 - INFO - Training model...
2026-03-23 17:30:55,981 - INFO - Saving model...
2026-03-23 17:30:55,982 - INFO - Model saved successfully to D:/MLOps/mlops_training/models/model.pkl
2026-03-23 17:30:55,982 - INFO - Training completed succesfully
2026-03-23 17:35:22,838 - INFO - Loading config...
2026-03-23 17:35:22,838 - INFO - Loading data...
2026-03-23 17:35:22,843 - INFO - Data loaded successfully from D:/MLOps/mlops_training/data/sample.csv
2026-03-23 17:35:22,843 - INFO - Preprocessing data...
2026-03-23 17:35:22,843 - INFO - Vectorizing...
2026-03-23 17:35:22,843 - INFO - Training model...
2026-03-23 17:35:22,851 - INFO - Saving model...
2026-03-23 17:35:22,851 - INFO - Model saved successfully to D:/MLOps/mlops_training/models/model.pkl
2026-03-23 17:35:22,851 - INFO - Training completed succesfully
2026-03-23 18:04:39,274 - INFO - Loading config...
2026-03-23 18:04:39,282 - INFO - Loading data...
2026-03-23 18:04:39,284 - INFO - Data loaded successfully from D:/MLOps/mlops_training/data/sample.csv
2026-03-23 18:04:39,285 - INFO - Preprocessing data...
2026-03-23 18:04:39,285 - INFO - Vectorizing...
2026-03-23 18:04:39,286 - INFO - Starting MLflow run...
2026-03-23 18:04:43,814 - INFO - Training model...
2026-03-23 18:04:43,829 - INFO - Saving model...
2026-03-23 18:04:43,829 - INFO - Model saved successfully to D:/MLOps/mlops_training/models/model.pkl
2026-03-23 18:04:43,829 - INFO - Training completed succesfully
2026-03-24 11:32:31,602 - INFO - Loading config...
2026-03-24 11:32:31,623 - INFO - Loading data...
2026-03-24 11:32:31,629 - INFO - Data loaded successfully from D:/MLOps/mlops_training/data/sample.csv
2026-03-24 11:32:31,629 - INFO - Preprocessing data...
2026-03-24 11:32:31,634 - INFO - Data split into train and validation
2026-03-24 11:32:31,634 - INFO - Vectorizing...
2026-03-24 11:32:31,634 - INFO - Starting MLflow run...
2026-03-24 11:32:33,554 - INFO - Training model...
2026-03-24 11:32:33,570 - ERROR - Error occurred: name 'X_vec' is not defined
2026-03-24 11:33:13,800 - INFO - Loading config...
2026-03-24 11:33:13,800 - INFO - Loading data...
2026-03-24 11:33:13,800 - INFO - Data loaded successfully from D:/MLOps/mlops_training/data/sample.csv
2026-03-24 11:33:13,800 - INFO - Preprocessing data...
2026-03-24 11:33:13,800 - INFO - Data split into train and validation
2026-03-24 11:33:13,800 - INFO - Vectorizing...
2026-03-24 11:33:13,800 - INFO - Starting MLflow run...
2026-03-24 11:33:15,375 - INFO - Training model...
2026-03-24 11:33:15,392 - ERROR - Error occurred: name 'X_train_vec' is not defined
2026-03-24 11:34:26,354 - INFO - Loading config...
2026-03-24 11:34:26,354 - INFO - Loading data...
2026-03-24 11:34:26,358 - INFO - Data loaded successfully from D:/MLOps/mlops_training/data/sample.csv
2026-03-24 11:34:26,358 - INFO - Preprocessing data...
2026-03-24 11:34:26,362 - INFO - Data split into train and validation
2026-03-24 11:34:26,362 - INFO - Vectorizing...
2026-03-24 11:34:26,362 - INFO - Starting MLflow run...
2026-03-24 11:34:27,738 - INFO - Training model...
2026-03-24 11:34:27,815 - INFO - Saving model...
2026-03-24 11:34:27,815 - INFO - Model saved successfully to D:/MLOps/mlops_training/models/model.pkl
2026-03-24 11:34:27,815 - INFO - Training completed succesfully
2026-03-24 11:37:50,709 - INFO - Loading config...
2026-03-24 11:37:50,717 - INFO - Loading data...
2026-03-24 11:37:50,719 - INFO - Data loaded successfully from D:/MLOps/mlops_training/data/sample.csv
2026-03-24 11:37:50,719 - INFO - Preprocessing data...
2026-03-24 11:37:50,719 - INFO - Data split into train and validation
2026-03-24 11:37:50,719 - INFO - Vectorizing...
2026-03-24 11:37:50,721 - INFO - Starting MLflow run...
2026-03-24 11:37:52,077 - INFO - Training model...
2026-03-24 11:37:52,124 - INFO - Saving model...
2026-03-24 11:37:52,124 - INFO - Model saved successfully to D:/MLOps/mlops_training/models/model.pkl
2026-03-24 11:37:52,124 - INFO - Training completed succesfully
2026-03-24 12:58:33,599 - INFO - Loading config...
2026-03-24 12:58:33,599 - INFO - Loading data...
2026-03-24 12:58:33,601 - INFO - Data loaded successfully from D:/MLOps/mlops_training/data/sample.csv
2026-03-24 12:58:33,601 - INFO - Preprocessing data...
2026-03-24 12:58:33,601 - INFO - Data split into train and validation
2026-03-24 12:58:33,601 - INFO - Vectorizing...
2026-03-24 12:58:33,601 - INFO - Starting MLflow run...
2026-03-24 12:58:34,880 - INFO - Training model...
2026-03-24 12:58:57,553 - INFO - Saving model...
2026-03-24 12:58:57,554 - INFO - Model saved successfully to D:/MLOps/mlops_training/models/model.pkl
2026-03-24 12:58:57,554 - INFO - Training completed succesfully
2026-03-24 12:59:03,796 - INFO - Loading config...
2026-03-24 12:59:03,796 - INFO - Loading data...
2026-03-24 12:59:03,813 - INFO - Data loaded successfully from D:/MLOps/mlops_training/data/sample.csv
2026-03-24 12:59:03,813 - INFO - Preprocessing data...
2026-03-24 12:59:03,813 - INFO - Data split into train and validation
2026-03-24 12:59:03,813 - INFO - Vectorizing...
2026-03-24 12:59:03,813 - INFO - Starting MLflow run...
2026-03-24 12:59:04,976 - INFO - Training model...
2026-03-24 12:59:10,922 - INFO - Saving model...
2026-03-24 12:59:10,922 - INFO - Model saved successfully to D:/MLOps/mlops_training/models/model.pkl
2026-03-24 12:59:10,922 - INFO - Training completed succesfully
2026-03-24 13:01:16,871 - INFO - Loading config...
2026-03-24 13:01:16,871 - INFO - Loading data...
2026-03-24 13:01:16,871 - INFO - Data loaded successfully from D:/MLOps/mlops_training/data/sample.csv
2026-03-24 13:01:16,871 - INFO - Preprocessing data...
2026-03-24 13:01:16,871 - INFO - Data split into train and validation
2026-03-24 13:01:16,871 - INFO - Vectorizing...
2026-03-24 13:01:16,871 - INFO - Starting MLflow run...
2026-03-24 13:01:18,108 - INFO - Training model...
2026-03-24 13:01:24,169 - INFO - Saving model...
2026-03-24 13:01:24,169 - INFO - Model saved successfully to D:/MLOps/mlops_training/models/model.pkl
2026-03-24 13:01:24,169 - INFO - Training completed succesfully
2026-03-24 13:02:01,762 - INFO - Loading config...
2026-03-24 13:02:01,762 - INFO - Loading data...
2026-03-24 13:02:01,764 - INFO - Data loaded successfully from D:/MLOps/mlops_training/data/sample.csv
2026-03-24 13:02:01,764 - INFO - Preprocessing data...
2026-03-24 13:02:01,766 - INFO - Data split into train and validation
2026-03-24 13:02:01,766 - INFO - Vectorizing...
2026-03-24 13:02:01,766 - INFO - Starting MLflow run...
2026-03-24 13:02:03,041 - INFO - Training model...
2026-03-24 13:02:09,227 - INFO - Saving model...
2026-03-24 13:02:09,227 - INFO - Model saved successfully to D:/MLOps/mlops_training/models/model.pkl
2026-03-24 13:02:09,227 - INFO - Training completed succesfully
2026-03-24 13:02:43,718 - INFO - Loading config...
2026-03-24 13:02:43,718 - INFO - Loading data...
2026-03-24 13:02:43,718 - INFO - Data loaded successfully from D:/MLOps/mlops_training/data/sample.csv
2026-03-24 13:02:43,718 - INFO - Preprocessing data...
2026-03-24 13:02:43,718 - INFO - Data split into train and validation
2026-03-24 13:02:43,718 - INFO - Vectorizing...
2026-03-24 13:02:43,734 - INFO - Starting MLflow run...
2026-03-24 13:02:45,041 - INFO - Training model...
2026-03-24 13:02:51,160 - INFO - Saving model...
2026-03-24 13:02:51,160 - INFO - Model saved successfully to D:/MLOps/mlops_training/models/model.pkl
2026-03-24 13:02:51,160 - INFO - Training completed succesfully
2026-03-24 13:59:52,079 - INFO - Loading config...
2026-03-24 13:59:52,079 - INFO - Loading data...
2026-03-24 13:59:52,079 - INFO - Data loaded successfully from D:/MLOps/mlops_training/data/sample.csv
2026-03-24 13:59:52,079 - INFO - Preprocessing data...
2026-03-24 13:59:52,079 - INFO - Data split into train and validation
2026-03-24 13:59:52,079 - INFO - Vectorizing...
2026-03-24 13:59:52,079 - INFO - Starting MLflow run...
2026-03-24 13:59:53,374 - INFO - Training model...
2026-03-24 14:00:00,445 - INFO - Saving model...
2026-03-24 14:00:00,445 - INFO - Model saved successfully to D:/MLOps/mlops_training/models/model.pkl
2026-03-24 14:00:00,445 - INFO - Training completed succesfully
2026-03-24 14:30:42,619 - INFO - Loading config...
2026-03-24 14:30:42,622 - INFO - Loading data...
2026-03-24 14:30:42,627 - INFO - Data loaded successfully from D:/MLOps/mlops_training/data/sample.csv
2026-03-24 14:30:42,627 - INFO - Preprocessing data...
2026-03-24 14:30:42,629 - INFO - Data split into train and validation
2026-03-24 14:30:42,629 - INFO - Starting MLflow run...
2026-03-24 14:30:44,050 - INFO - Training model...
2026-03-24 14:30:50,368 - INFO - Saving model...
2026-03-24 14:30:50,368 - INFO - Model saved successfully to D:/MLOps/mlops_training/models/model.pkl
2026-03-24 14:30:50,368 - INFO - Training completed succesfully
2026-03-28 11:35:12,366 - INFO - Loading config...
2026-03-28 11:35:12,366 - INFO - Loading data...
2026-03-28 11:35:12,382 - INFO - Data loaded successfully from D:/MLOps/mlops_training/data/sample.csv
2026-03-28 11:35:12,382 - INFO - Preprocessing data...
2026-03-28 11:35:12,382 - INFO - Data split into train and validation
2026-03-28 11:35:12,382 - INFO - Train labels distribution : {'food': 8, 'travel': 8}
2026-03-28 11:35:12,382 - ERROR - Error occurred: 'Series' object has no attribute 'value_count'
2026-03-28 11:36:07,647 - INFO - Loading config...
2026-03-28 11:36:07,647 - INFO - Loading data...
2026-03-28 11:36:07,647 - INFO - Data loaded successfully from D:/MLOps/mlops_training/data/sample.csv
2026-03-28 11:36:07,647 - INFO - Preprocessing data...
2026-03-28 11:36:07,664 - INFO - Data split into train and validation
2026-03-28 11:36:07,664 - INFO - Train labels distribution : {'food': 8, 'travel': 8}
2026-03-28 11:36:07,664 - INFO - Validation labels distribution: {'food delivery': 1, 'restaurant bill': 1, 'bus ticket': 1, 'metro recharge': 1}
2026-03-28 11:36:07,664 - INFO - Starting mlflow run...
2026-03-28 11:36:07,664 - INFO - Starting MLflow run...
2026-03-28 11:36:09,164 - INFO - Training model...
2026-03-28 11:36:32,439 - INFO - Saving model...
2026-03-28 11:36:32,440 - INFO - Model saved successfully to D:/MLOps/mlops_training/models/model.pkl
2026-03-28 11:36:32,440 - INFO - Training completed succesfully
2026-03-28 11:54:18,507 - INFO - Loading config...
2026-03-28 11:54:18,507 - INFO - Loading data...
2026-03-28 11:54:18,507 - INFO - Data loaded successfully from D:/MLOps/mlops_training/data/sample.csv
2026-03-28 11:54:18,507 - INFO - Preprocessing data...
2026-03-28 11:54:18,507 - INFO - Data split into train and validation
2026-03-28 11:54:18,507 - INFO - Train labels distribution : {'food': 8, 'travel': 8}
2026-03-28 11:54:18,507 - INFO - Validation labels distribution: {'food': 2, 'travel': 2}
2026-03-28 11:54:18,507 - INFO - Starting mlflow run...
2026-03-28 11:54:18,507 - INFO - Starting MLflow run...
2026-03-28 11:54:19,840 - INFO - Training model...
2026-03-28 11:54:26,932 - INFO - Saving model...
2026-03-28 11:54:26,942 - INFO - Model saved successfully to D:/MLOps/mlops_training/models/model.pkl
2026-03-28 11:54:26,942 - INFO - Training completed succesfully
2026-03-28 11:56:29,540 - INFO - Loading config...
2026-03-28 11:56:29,544 - INFO - Loading data...
2026-03-28 11:56:29,544 - INFO - Data loaded successfully from D:/MLOps/mlops_training/data/sample.csv
2026-03-28 11:56:29,546 - INFO - Preprocessing data...
2026-03-28 11:56:29,546 - INFO - Data split into train and validation
2026-03-28 11:56:29,548 - INFO - Train labels distribution : {'food': 8, 'travel': 8}
2026-03-28 11:56:29,548 - INFO - Validation labels distribution: {'food': 2, 'travel': 2}
2026-03-28 11:56:29,548 - INFO - Starting mlflow run...
2026-03-28 11:56:29,548 - INFO - Starting MLflow run...
2026-03-28 11:56:31,015 - INFO - Training model...
2026-03-28 11:56:37,522 - INFO - Saving model...
2026-03-28 11:56:37,522 - INFO - Model saved successfully to D:/MLOps/mlops_training/models/model.pkl
2026-03-28 11:56:37,522 - INFO - Training completed succesfully
2026-03-28 11:57:02,735 - INFO - Loading config...
2026-03-28 11:57:02,737 - INFO - Loading data...
2026-03-28 11:57:02,739 - INFO - Data loaded successfully from D:/MLOps/mlops_training/data/sample.csv
2026-03-28 11:57:02,739 - INFO - Preprocessing data...
2026-03-28 11:57:02,740 - INFO - Data split into train and validation
2026-03-28 11:57:02,741 - INFO - Train labels distribution : {'food': 8, 'travel': 8}
2026-03-28 11:57:02,741 - INFO - Validation labels distribution: {'food': 2, 'travel': 2}
2026-03-28 11:57:02,741 - INFO - Starting mlflow run...
2026-03-28 11:57:02,741 - INFO - Starting MLflow run...
2026-03-28 11:57:04,019 - INFO - Training model...
2026-03-28 11:57:10,334 - INFO - Saving model...
2026-03-28 11:57:10,335 - INFO - Model saved successfully to D:/MLOps/mlops_training/models/model.pkl
2026-03-28 11:57:10,335 - INFO - Training completed succesfully
2026-03-28 11:57:21,818 - INFO - Loading config...
2026-03-28 11:57:21,826 - INFO - Loading data...
2026-03-28 11:57:21,828 - INFO - Data loaded successfully from D:/MLOps/mlops_training/data/sample.csv
2026-03-28 11:57:21,828 - INFO - Preprocessing data...
2026-03-28 11:57:21,831 - INFO - Data split into train and validation
2026-03-28 11:57:21,832 - INFO - Train labels distribution : {'food': 8, 'travel': 8}
2026-03-28 11:57:21,832 - INFO - Validation labels distribution: {'food': 2, 'travel': 2}
2026-03-28 11:57:21,832 - INFO - Starting mlflow run...
2026-03-28 11:57:21,832 - INFO - Starting MLflow run...
2026-03-28 11:57:23,131 - INFO - Training model...
2026-03-28 11:57:29,262 - INFO - Saving model...
2026-03-28 11:57:29,264 - INFO - Model saved successfully to D:/MLOps/mlops_training/models/model.pkl
2026-03-28 11:57:29,264 - INFO - Training completed succesfully
2026-03-28 12:29:56,370 - INFO - Loading config...
2026-03-28 12:29:56,379 - INFO - Loading data...
2026-03-28 12:29:56,387 - INFO - Data loaded successfully from D:/MLOps/mlops_training/data/sample.csv
2026-03-28 12:29:56,387 - INFO - Preprocessing data...
2026-03-28 12:29:56,387 - INFO - Data split into train and validation
2026-03-28 12:29:56,387 - INFO - Train labels distribution : {'travel': 13, 'food': 12}
2026-03-28 12:29:56,387 - INFO - Validation labels distribution: {'food': 4, 'travel': 3}
2026-03-28 12:29:56,387 - INFO - Starting mlflow run...
2026-03-28 12:29:56,387 - INFO - Starting MLflow run...
2026-03-28 12:29:58,227 - INFO - Training model...
2026-03-28 12:30:06,329 - INFO - Saving model...
2026-03-28 12:30:06,329 - INFO - Model saved successfully to D:/MLOps/mlops_training/models/model.pkl
2026-03-28 12:30:06,329 - INFO - Training completed succesfully
2026-03-28 12:30:12,583 - INFO - Loading config...
2026-03-28 12:30:12,587 - INFO - Loading data...
2026-03-28 12:30:12,589 - INFO - Data loaded successfully from D:/MLOps/mlops_training/data/sample.csv
2026-03-28 12:30:12,589 - INFO - Preprocessing data...
2026-03-28 12:30:12,591 - INFO - Data split into train and validation
2026-03-28 12:30:12,592 - INFO - Train labels distribution : {'travel': 13, 'food': 12}
2026-03-28 12:30:12,592 - INFO - Validation labels distribution: {'food': 4, 'travel': 3}
2026-03-28 12:30:12,592 - INFO - Starting mlflow run...
2026-03-28 12:30:12,592 - INFO - Starting MLflow run...
2026-03-28 12:30:14,094 - INFO - Training model...
2026-03-28 12:30:20,495 - INFO - Saving model...
2026-03-28 12:30:20,497 - INFO - Model saved successfully to D:/MLOps/mlops_training/models/model.pkl
2026-03-28 12:30:20,497 - INFO - Training completed succesfully
2026-03-28 12:30:28,315 - INFO - Loading config...
2026-03-28 12:30:28,315 - INFO - Loading data...
2026-03-28 12:30:28,315 - INFO - Data loaded successfully from D:/MLOps/mlops_training/data/sample.csv
2026-03-28 12:30:28,315 - INFO - Preprocessing data...
2026-03-28 12:30:28,315 - INFO - Data split into train and validation
2026-03-28 12:30:28,315 - INFO - Train labels distribution : {'travel': 13, 'food': 12}
2026-03-28 12:30:28,324 - INFO - Validation labels distribution: {'food': 4, 'travel': 3}
2026-03-28 12:30:28,324 - INFO - Starting mlflow run...
2026-03-28 12:30:28,324 - INFO - Starting MLflow run...
2026-03-28 12:30:29,821 - INFO - Training model...
2026-03-28 12:30:36,343 - INFO - Saving model...
2026-03-28 12:30:36,343 - INFO - Model saved successfully to D:/MLOps/mlops_training/models/model.pkl
2026-03-28 12:30:36,343 - INFO - Training completed succesfully
2026-03-28 13:00:36,685 - INFO - Loading config...
2026-03-28 13:00:36,690 - INFO - Loading data...
2026-03-28 13:00:36,692 - INFO - Data loaded successfully from D:/MLOps/mlops_training/data/sample.csv
2026-03-28 13:00:36,692 - INFO - Preprocessing data...
2026-03-28 13:00:36,693 - INFO - Data split into train and validation
2026-03-28 13:00:36,693 - INFO - Train labels distribution : {'travel': 13, 'food': 12}
2026-03-28 13:00:36,693 - INFO - Validation labels distribution: {'food': 4, 'travel': 3}
2026-03-28 13:00:36,693 - INFO - Starting mlflow run...
2026-03-28 13:00:36,693 - INFO - Starting MLflow run...
2026-03-28 13:00:38,422 - INFO - Training model...
2026-03-28 13:00:46,124 - INFO - Saving model...
2026-03-28 13:00:46,124 - INFO - Model saved successfully to D:/MLOps/mlops_training/models/model.pkl
2026-03-28 13:00:46,124 - INFO - Training completed succesfully
2026-03-28 15:16:13,057 - INFO - Loading config...
2026-03-28 15:16:13,060 - INFO - Loading data...
2026-03-28 15:16:13,060 - INFO - Data loaded successfully from D:/MLOps/mlops_training/data/sample.csv
2026-03-28 15:16:13,060 - INFO - Preprocessing data...
2026-03-28 15:16:13,062 - INFO - Data split into train and validation
2026-03-28 15:16:13,064 - INFO - Train labels distribution : {'travel': 13, 'food': 12}
2026-03-28 15:16:13,064 - INFO - Validation labels distribution: {'food': 4, 'travel': 3}
2026-03-28 15:16:13,064 - INFO - Starting mlflow run...
2026-03-28 15:16:13,064 - INFO - Starting MLflow run...
2026-03-28 15:16:14,550 - INFO - Training model...
2026-03-28 15:16:20,878 - INFO - Saving model...
2026-03-28 15:16:20,884 - INFO - Model saved successfully to D:/MLOps/mlops_training/models/model.pkl
2026-03-28 15:16:20,884 - INFO - Training completed succesfully
2026-03-28 15:16:20,884 - INFO - Triggering model selection pipeline...
2026-03-28 15:22:54,686 - INFO - Loading config...
2026-03-28 15:22:54,686 - INFO - Loading data...
2026-03-28 15:22:54,686 - INFO - Data loaded successfully from D:/MLOps/mlops_training/data/sample.csv
2026-03-28 15:22:54,686 - INFO - Preprocessing data...
2026-03-28 15:22:54,686 - INFO - Data split into train and validation
2026-03-28 15:22:54,686 - INFO - Train labels distribution : {'travel': 13, 'food': 12}
2026-03-28 15:22:54,686 - INFO - Validation labels distribution: {'food': 4, 'travel': 3}
2026-03-28 15:22:54,686 - INFO - Starting mlflow run...
2026-03-28 15:22:54,686 - INFO - Starting MLflow run...
2026-03-28 15:22:56,131 - INFO - Training model...
2026-03-28 15:23:02,620 - INFO - Saving model...
2026-03-28 15:23:02,628 - INFO - Model saved successfully to D:/MLOps/mlops_training/models/model.pkl
2026-03-28 15:23:02,628 - INFO - Training completed succesfully
